Jun 03, 2025 5:32:32 PM SMS.utils.LoggerUtil logInfo
INFO: Navigating to Login screen from Registration
Jun 03, 2025 5:32:39 PM SMS.utils.LoggerUtil logInfo
INFO: Login attempt by username: admin1
Jun 03, 2025 5:35:53 PM SMS.utils.LoggerUtil logInfo
INFO: Navigating to Login screen from Registration
Jun 03, 2025 5:36:00 PM SMS.utils.LoggerUtil logInfo
INFO: Login attempt by username: admin1
Jun 03, 2025 5:36:45 PM SMS.utils.LoggerUtil logInfo
INFO: Navigating to Login screen from Registration
Jun 03, 2025 5:36:51 PM SMS.utils.LoggerUtil logInfo
INFO: Login attempt by username: admin1
Jun 03, 2025 5:37:26 PM SMS.utils.LoggerUtil logInfo
INFO: Navigating to Login screen from Registration
Jun 03, 2025 5:37:33 PM SMS.utils.LoggerUtil logInfo
INFO: Login attempt by username: admin1
Jun 03, 2025 5:42:19 PM SMS.utils.LoggerUtil logInfo
INFO: Navigating to Login screen from Registration
Jun 03, 2025 5:42:26 PM SMS.utils.LoggerUtil logInfo
INFO: Login attempt by username: admin1
Jun 03, 2025 5:52:33 PM SMS.utils.LoggerUtil logInfo
INFO: Navigating to Login screen from Registration
Jun 03, 2025 5:52:40 PM SMS.utils.LoggerUtil logInfo
INFO: Login attempt by username: admin1
Jun 03, 2025 9:33:46 PM SMS.utils.LoggerUtil logInfo
INFO: Navigating to Login screen from Registration
Jun 03, 2025 9:33:54 PM SMS.utils.LoggerUtil logInfo
INFO: Login attempt by username: admin1
Jun 03, 2025 9:40:40 PM SMS.utils.LoggerUtil logInfo
INFO: Navigating to Login screen from Registration
Jun 03, 2025 9:40:47 PM SMS.utils.LoggerUtil logInfo
INFO: Login attempt by username: admin1
Jun 03, 2025 9:42:08 PM SMS.utils.LoggerUtil logInfo
INFO: Navigating to Login screen from Registration
Jun 03, 2025 9:42:14 PM SMS.utils.LoggerUtil logInfo
INFO: Login attempt by username: admin1
Jun 03, 2025 9:42:16 PM SMS.utils.LoggerUtil logInfo
INFO: Session started for admin: admin1 from institute: anits
Jun 03, 2025 9:42:16 PM SMS.utils.LoggerUtil logInfo
INFO: Login successful for user: admin1 from institute: anits
Jun 03, 2025 9:42:16 PM SMS.utils.LoggerUtil logSevere
SEVERE: Database error during login for user: admin1
javafx.fxml.LoadException: 
/C:/Users/DELL/eclipse-workspace/StudentManagement/bin/SMS/views/dashboard.fxml:18

	at javafx.fxml/javafx.fxml.FXMLLoader.constructLoadException(FXMLLoader.java:2714)
	at javafx.fxml/javafx.fxml.FXMLLoader.loadImpl(FXMLLoader.java:2692)
	at javafx.fxml/javafx.fxml.FXMLLoader.loadImpl(FXMLLoader.java:2555)
	at javafx.fxml/javafx.fxml.FXMLLoader.load(FXMLLoader.java:2523)
	at SMS.controllers.LoginController.handleLogin(LoginController.java:58)
	at java.base/jdk.internal.reflect.NativeMethodAccessorImpl.invoke0(Native Method)
	at java.base/jdk.internal.reflect.NativeMethodAccessorImpl.invoke(NativeMethodAccessorImpl.java:77)
	at java.base/jdk.internal.reflect.DelegatingMethodAccessorImpl.invoke(DelegatingMethodAccessorImpl.java:43)
	at java.base/java.lang.reflect.Method.invoke(Method.java:568)
	at com.sun.javafx.reflect.Trampoline.invoke(MethodUtil.java:77)
	at jdk.internal.reflect.GeneratedMethodAccessor2.invoke(Unknown Source)
	at java.base/jdk.internal.reflect.DelegatingMethodAccessorImpl.invoke(DelegatingMethodAccessorImpl.java:43)
	at java.base/java.lang.reflect.Method.invoke(Method.java:568)
	at javafx.base/com.sun.javafx.reflect.MethodUtil.invoke(MethodUtil.java:275)
	at javafx.fxml/com.sun.javafx.fxml.MethodHelper.invoke(MethodHelper.java:84)
	at javafx.fxml/javafx.fxml.FXMLLoader$MethodHandler.invoke(FXMLLoader.java:1852)
	at javafx.fxml/javafx.fxml.FXMLLoader$ControllerMethodEventHandler.handle(FXMLLoader.java:1724)
	at javafx.base/com.sun.javafx.event.CompositeEventHandler.dispatchBubblingEvent(CompositeEventHandler.java:86)
	at javafx.base/com.sun.javafx.event.EventHandlerManager.dispatchBubblingEvent(EventHandlerManager.java:234)
	at javafx.base/com.sun.javafx.event.EventHandlerManager.dispatchBubblingEvent(EventHandlerManager.java:191)
	at javafx.base/com.sun.javafx.event.CompositeEventDispatcher.dispatchBubblingEvent(CompositeEventDispatcher.java:59)
	at javafx.base/com.sun.javafx.event.BasicEventDispatcher.dispatchEvent(BasicEventDispatcher.java:58)
	at javafx.base/com.sun.javafx.event.EventDispatchChainImpl.dispatchEvent(EventDispatchChainImpl.java:114)
	at javafx.base/com.sun.javafx.event.BasicEventDispatcher.dispatchEvent(BasicEventDispatcher.java:56)
	at javafx.base/com.sun.javafx.event.EventDispatchChainImpl.dispatchEvent(EventDispatchChainImpl.java:114)
	at javafx.base/com.sun.javafx.event.BasicEventDispatcher.dispatchEvent(BasicEventDispatcher.java:56)
	at javafx.base/com.sun.javafx.event.EventDispatchChainImpl.dispatchEvent(EventDispatchChainImpl.java:114)
	at javafx.base/com.sun.javafx.event.EventUtil.fireEventImpl(EventUtil.java:74)
	at javafx.base/com.sun.javafx.event.EventUtil.fireEvent(EventUtil.java:49)
	at javafx.base/javafx.event.Event.fireEvent(Event.java:198)
	at javafx.graphics/javafx.scene.Node.fireEvent(Node.java:8792)
	at javafx.controls/javafx.scene.control.Button.fire(Button.java:203)
	at javafx.controls/com.sun.javafx.scene.control.behavior.ButtonBehavior.mouseReleased(ButtonBehavior.java:208)
	at javafx.controls/com.sun.javafx.scene.control.inputmap.InputMap.handle(InputMap.java:274)
	at javafx.base/com.sun.javafx.event.CompositeEventHandler$NormalEventHandlerRecord.handleBubblingEvent(CompositeEventHandler.java:247)
	at javafx.base/com.sun.javafx.event.CompositeEventHandler.dispatchBubblingEvent(CompositeEventHandler.java:80)
	at javafx.base/com.sun.javafx.event.EventHandlerManager.dispatchBubblingEvent(EventHandlerManager.java:234)
	at javafx.base/com.sun.javafx.event.EventHandlerManager.dispatchBubblingEvent(EventHandlerManager.java:191)
	at javafx.base/com.sun.javafx.event.CompositeEventDispatcher.dispatchBubblingEvent(CompositeEventDispatcher.java:59)
	at javafx.base/com.sun.javafx.event.BasicEventDispatcher.dispatchEvent(BasicEventDispatcher.java:58)
	at javafx.base/com.sun.javafx.event.EventDispatchChainImpl.dispatchEvent(EventDispatchChainImpl.java:114)
	at javafx.base/com.sun.javafx.event.BasicEventDispatcher.dispatchEvent(BasicEventDispatcher.java:56)
	at javafx.base/com.sun.javafx.event.EventDispatchChainImpl.dispatchEvent(EventDispatchChainImpl.java:114)
	at javafx.base/com.sun.javafx.event.BasicEventDispatcher.dispatchEvent(BasicEventDispatcher.java:56)
	at javafx.base/com.sun.javafx.event.EventDispatchChainImpl.dispatchEvent(EventDispatchChainImpl.java:114)
	at javafx.base/com.sun.javafx.event.EventUtil.fireEventImpl(EventUtil.java:74)
	at javafx.base/com.sun.javafx.event.EventUtil.fireEvent(EventUtil.java:54)
	at javafx.base/javafx.event.Event.fireEvent(Event.java:198)
	at javafx.graphics/javafx.scene.Scene$MouseHandler.process(Scene.java:3897)
	at javafx.graphics/javafx.scene.Scene.processMouseEvent(Scene.java:1878)
	at javafx.graphics/javafx.scene.Scene$ScenePeerListener.mouseEvent(Scene.java:2623)
	at javafx.graphics/com.sun.javafx.tk.quantum.GlassViewEventHandler$MouseEventNotification.run(GlassViewEventHandler.java:411)
	at javafx.graphics/com.sun.javafx.tk.quantum.GlassViewEventHandler$MouseEventNotification.run(GlassViewEventHandler.java:301)
	at java.base/java.security.AccessController.doPrivileged(AccessController.java:399)
	at javafx.graphics/com.sun.javafx.tk.quantum.GlassViewEventHandler.lambda$handleMouseEvent$2(GlassViewEventHandler.java:450)
	at javafx.graphics/com.sun.javafx.tk.quantum.QuantumToolkit.runWithoutRenderLock(QuantumToolkit.java:423)
	at javafx.graphics/com.sun.javafx.tk.quantum.GlassViewEventHandler.handleMouseEvent(GlassViewEventHandler.java:449)
	at javafx.graphics/com.sun.glass.ui.View.handleMouseEvent(View.java:551)
	at javafx.graphics/com.sun.glass.ui.View.notifyMouse(View.java:937)
	at javafx.graphics/com.sun.glass.ui.win.WinApplication._runLoop(Native Method)
	at javafx.graphics/com.sun.glass.ui.win.WinApplication.lambda$runLoop$3(WinApplication.java:184)
	at java.base/java.lang.Thread.run(Thread.java:840)
Caused by: java.lang.IllegalArgumentException: Unable to coerce 10 to class javafx.geometry.Insets.
	at javafx.fxml/com.sun.javafx.fxml.BeanAdapter.coerce(BeanAdapter.java:497)
	at javafx.fxml/com.sun.javafx.fxml.BeanAdapter.put(BeanAdapter.java:259)
	at javafx.fxml/com.sun.javafx.fxml.BeanAdapter.put(BeanAdapter.java:54)
	at javafx.fxml/javafx.fxml.FXMLLoader$Element.applyProperty(FXMLLoader.java:523)
	at javafx.fxml/javafx.fxml.FXMLLoader$Element.processValue(FXMLLoader.java:373)
	at javafx.fxml/javafx.fxml.FXMLLoader$Element.processPropertyAttribute(FXMLLoader.java:335)
	at javafx.fxml/javafx.fxml.FXMLLoader$Element.processInstancePropertyAttributes(FXMLLoader.java:245)
	at javafx.fxml/javafx.fxml.FXMLLoader$ValueElement.processEndElement(FXMLLoader.java:778)
	at javafx.fxml/javafx.fxml.FXMLLoader.processEndElement(FXMLLoader.java:2961)
	at javafx.fxml/javafx.fxml.FXMLLoader.loadImpl(FXMLLoader.java:2646)
	... 60 more

Jun 03, 2025 9:42:16 PM SMS.utils.LoggerUtil logInfo
INFO: Showing alert: Error - Database error occurred.
Jun 03, 2025 9:43:25 PM SMS.utils.LoggerUtil logInfo
INFO: Navigating to Login screen from Registration
Jun 03, 2025 9:43:31 PM SMS.utils.LoggerUtil logInfo
INFO: Login attempt by username: admin1
Jun 04, 2025 10:39:41 AM SMS.utils.LoggerUtil logInfo
INFO: Navigating to Login screen from Registration
Jun 04, 2025 10:39:47 AM SMS.utils.LoggerUtil logInfo
INFO: Login attempt by username: admin1
Jun 04, 2025 10:41:17 AM SMS.utils.LoggerUtil logInfo
INFO: Navigating to Login screen from Registration
Jun 04, 2025 10:41:27 AM SMS.utils.LoggerUtil logInfo
INFO: Login attempt by username: admin1
Jun 04, 2025 10:41:28 AM SMS.utils.LoggerUtil logInfo
INFO: Session started for admin: admin1 from institute: anits
Jun 04, 2025 10:41:28 AM SMS.utils.LoggerUtil logInfo
INFO: Login successful for user: admin1 from institute: anits
Jun 04, 2025 10:41:31 AM SMS.utils.LoggerUtil logInfo
INFO: Loaded Add Student view.
Jun 04, 2025 10:41:33 AM SMS.utils.LoggerUtil logInfo
INFO: Loaded Update Student view.
Jun 04, 2025 10:41:34 AM SMS.utils.LoggerUtil logInfo
INFO: Loaded Delete Student view.
Jun 04, 2025 10:41:35 AM SMS.utils.LoggerUtil logInfo
INFO: Initializing ViewStudentsController table columns.
Jun 04, 2025 10:41:35 AM SMS.utils.LoggerUtil logInfo
INFO: Column setup completed. Fetching student list...
Jun 04, 2025 10:41:35 AM SMS.utils.LoggerUtil logInfo
INFO: View student operation started.
Jun 04, 2025 10:41:35 AM SMS.utils.LoggerUtil logInfo
INFO: Current admin's institute: anits
Jun 04, 2025 10:41:35 AM SMS.utils.LoggerUtil logInfo
INFO: Database connection established for viewing students.
Jun 04, 2025 10:41:35 AM SMS.utils.LoggerUtil logInfo
INFO: Query executed: Fetched student records.
Jun 04, 2025 10:41:35 AM SMS.utils.LoggerUtil logInfo
INFO: Total students retrieved: 2
Jun 04, 2025 10:41:35 AM SMS.utils.LoggerUtil logInfo
INFO: Loaded View Students view.
Jun 04, 2025 10:42:46 AM SMS.utils.LoggerUtil logInfo
INFO: Navigating to Login screen from Registration
Jun 04, 2025 10:42:53 AM SMS.utils.LoggerUtil logInfo
INFO: Login attempt by username: admin1
Jun 04, 2025 10:45:50 AM SMS.utils.LoggerUtil logInfo
INFO: Navigating to registration screen
Jun 04, 2025 10:45:53 AM SMS.utils.LoggerUtil logInfo
INFO: Navigating to Login screen from Registration
Jun 04, 2025 10:47:37 AM SMS.utils.LoggerUtil logInfo
INFO: Login attempt by username: admin1
Jun 04, 2025 10:50:25 AM SMS.utils.LoggerUtil logInfo
INFO: Login attempt by username: admin1
Jun 04, 2025 10:58:23 AM SMS.utils.LoggerUtil logInfo
INFO: Login attempt by username: admin1
Jun 04, 2025 11:00:16 AM SMS.utils.LoggerUtil logInfo
INFO: Login attempt by username: admin1
Jun 04, 2025 11:05:27 AM SMS.utils.LoggerUtil logInfo
INFO: Login attempt by username: admin1
Jun 04, 2025 11:09:57 AM SMS.utils.LoggerUtil logInfo
INFO: Login attempt by username: admin1
Jun 04, 2025 11:11:47 AM SMS.utils.LoggerUtil logInfo
INFO: Login attempt by username: admin1
Jun 04, 2025 11:13:22 AM SMS.utils.LoggerUtil logInfo
INFO: Login attempt by username: admin1
Jun 04, 2025 11:14:06 AM SMS.utils.LoggerUtil logInfo
INFO: Login attempt by username: admin1
Jun 04, 2025 11:15:57 AM SMS.utils.LoggerUtil logInfo
INFO: Login attempt by username: admin1
Jun 04, 2025 11:17:47 AM SMS.utils.LoggerUtil logInfo
INFO: Login attempt by username: admin1
Jun 04, 2025 11:21:29 AM SMS.utils.LoggerUtil logInfo
INFO: Login attempt by username: admin1
Jun 04, 2025 11:23:28 AM SMS.utils.LoggerUtil logInfo
INFO: Login attempt by username: admin1
Jun 04, 2025 11:24:51 AM SMS.utils.LoggerUtil logInfo
INFO: Login attempt by username: admin1
Jun 04, 2025 11:25:52 AM SMS.utils.LoggerUtil logInfo
INFO: Login attempt by username: admin1
Jun 04, 2025 11:27:23 AM SMS.utils.LoggerUtil logInfo
INFO: Login attempt by username: admin1
Jun 04, 2025 12:21:26 PM SMS.utils.LoggerUtil logInfo
INFO: Login attempt by username: admin1
Jun 04, 2025 12:22:22 PM SMS.utils.LoggerUtil logInfo
INFO: Login attempt by username: admin1
Jun 04, 2025 12:23:07 PM SMS.utils.LoggerUtil logInfo
INFO: Login attempt by username: admin1
Jun 04, 2025 12:25:44 PM SMS.utils.LoggerUtil logInfo
INFO: Login attempt by username: admin1
Jun 04, 2025 12:28:17 PM SMS.utils.LoggerUtil logInfo
INFO: Login attempt by username: admin1
Jun 04, 2025 12:29:40 PM SMS.utils.LoggerUtil logInfo
INFO: Login attempt by username: admin1
Jun 04, 2025 12:35:13 PM SMS.utils.LoggerUtil logInfo
INFO: Login attempt by username: admin1
Jun 04, 2025 12:36:58 PM SMS.utils.LoggerUtil logInfo
INFO: Login attempt by username: admin1
Jun 04, 2025 12:50:14 PM SMS.utils.LoggerUtil logInfo
INFO: Login attempt by username: admin1
Jun 04, 2025 12:59:17 PM SMS.utils.LoggerUtil logInfo
INFO: Login attempt by username: admin1
Jun 04, 2025 1:06:42 PM SMS.utils.LoggerUtil logInfo
INFO: Login attempt by username: admin1
Jun 04, 2025 1:15:35 PM SMS.utils.LoggerUtil logInfo
INFO: Login attempt by username: admin1
Jun 04, 2025 2:00:12 PM SMS.utils.LoggerUtil logInfo
INFO: Login attempt by username: admin1
Jun 04, 2025 2:20:57 PM SMS.utils.LoggerUtil logInfo
INFO: Login attempt by username: admin1
Jun 04, 2025 2:30:01 PM SMS.utils.LoggerUtil logInfo
INFO: Login attempt by username: admin1
Jun 04, 2025 2:33:51 PM SMS.utils.LoggerUtil logInfo
INFO: Login attempt by username: admin1
Jun 04, 2025 2:34:52 PM SMS.utils.LoggerUtil logInfo
INFO: Login attempt by username: admin1
Jun 04, 2025 3:08:43 PM SMS.utils.LoggerUtil logInfo
INFO: Login attempt by username: admin1
Jun 04, 2025 3:14:20 PM SMS.utils.LoggerUtil logInfo
INFO: Login attempt by username: admin1
Jun 04, 2025 3:17:06 PM SMS.utils.LoggerUtil logInfo
INFO: Login attempt by username: admin1
Jun 04, 2025 3:21:01 PM SMS.utils.LoggerUtil logInfo
INFO: Login attempt by username: admin1
Jun 04, 2025 3:21:50 PM SMS.utils.LoggerUtil logInfo
INFO: Login attempt by username: admin1
Jun 04, 2025 3:26:32 PM SMS.utils.LoggerUtil logInfo
INFO: Login attempt by username: admin1
Jun 04, 2025 3:27:49 PM SMS.utils.LoggerUtil logInfo
INFO: Login attempt by username: admin1
Jun 04, 2025 3:31:07 PM SMS.utils.LoggerUtil logInfo
INFO: Login attempt by username: admin1
Jun 04, 2025 3:35:57 PM SMS.utils.LoggerUtil logInfo
INFO: Login attempt by username: admin1
Jun 04, 2025 3:41:55 PM SMS.utils.LoggerUtil logInfo
INFO: Login attempt by username: admin1
Jun 04, 2025 3:48:00 PM SMS.utils.LoggerUtil logInfo
INFO: Login attempt by username: admin1
Jun 04, 2025 3:54:47 PM SMS.utils.LoggerUtil logInfo
INFO: Login attempt by username: admin1
Jun 04, 2025 3:54:48 PM SMS.utils.LoggerUtil logInfo
INFO: Session started for admin: admin1 from institute: anits
Jun 04, 2025 3:54:48 PM SMS.utils.LoggerUtil logInfo
INFO: Login successful for user: admin1 from institute: anits
Jun 04, 2025 3:57:00 PM SMS.utils.LoggerUtil logInfo
INFO: Login attempt by username: admin1
Jun 04, 2025 3:58:55 PM SMS.utils.LoggerUtil logInfo
INFO: Login attempt by username: admin1
Jun 04, 2025 4:00:25 PM SMS.utils.LoggerUtil logInfo
INFO: Login attempt by username: admin1
Jun 04, 2025 4:03:13 PM SMS.utils.LoggerUtil logInfo
INFO: Login attempt by username: admin1
Jun 04, 2025 4:04:59 PM SMS.utils.LoggerUtil logInfo
INFO: Login attempt by username: admin1
Jun 04, 2025 4:05:56 PM SMS.utils.LoggerUtil logInfo
INFO: Login attempt by username: admin1
Jun 04, 2025 4:07:01 PM SMS.utils.LoggerUtil logInfo
INFO: Login attempt by username: admin1
Jun 04, 2025 4:11:49 PM SMS.utils.LoggerUtil logInfo
INFO: Login attempt by username: admin1
Jun 04, 2025 4:15:07 PM SMS.utils.LoggerUtil logInfo
INFO: Login attempt by username: admin1
Jun 04, 2025 4:17:26 PM SMS.utils.LoggerUtil logInfo
INFO: Login attempt by username: admin1
Jun 04, 2025 4:19:37 PM SMS.utils.LoggerUtil logInfo
INFO: Login attempt by username: admin1
Jun 04, 2025 4:21:31 PM SMS.utils.LoggerUtil logInfo
INFO: Login attempt by username: admin1
Jun 04, 2025 4:23:48 PM SMS.utils.LoggerUtil logInfo
INFO: Login attempt by username: admin1
Jun 04, 2025 4:27:14 PM SMS.utils.LoggerUtil logInfo
INFO: Login attempt by username: admin1
Jun 04, 2025 4:29:46 PM SMS.utils.LoggerUtil logInfo
INFO: Login attempt by username: admin1
Jun 04, 2025 4:30:37 PM SMS.utils.LoggerUtil logInfo
INFO: Login attempt by username: admin1
Jun 04, 2025 4:33:27 PM SMS.utils.LoggerUtil logInfo
INFO: Login attempt by username: admin1
Jun 04, 2025 4:33:50 PM SMS.utils.LoggerUtil logInfo
INFO: Login attempt by username: admin1
Jun 05, 2025 9:37:10 AM SMS.utils.LoggerUtil logInfo
INFO: Login attempt by username: admin1
Jun 05, 2025 9:58:09 AM SMS.utils.LoggerUtil logInfo
INFO: Login attempt by username: admin1
Jun 06, 2025 9:48:20 AM SMS.utils.LoggerUtil logInfo
INFO: Login attempt by username: admin1
Jun 06, 2025 11:16:30 AM SMS.utils.LoggerUtil logInfo
INFO: Navigating to registration screen
Jun 06, 2025 11:17:39 AM SMS.utils.LoggerUtil logInfo
INFO: Navigating to Login screen from Registration
Jun 06, 2025 11:17:45 AM SMS.utils.LoggerUtil logInfo
INFO: Login attempt by username: admin1
Jun 07, 2025 7:18:57 PM SMS.utils.LoggerUtil logInfo
INFO: Login attempt by username: admin1
Jun 07, 2025 7:23:58 PM SMS.utils.LoggerUtil logInfo
INFO: Login attempt by username: admin1
Jun 07, 2025 7:30:12 PM SMS.utils.LoggerUtil logInfo
INFO: Login attempt by username: admin1
Jun 08, 2025 4:36:32 PM SMS.utils.LoggerUtil logInfo
INFO: Navigating to registration screen
Jun 08, 2025 4:36:40 PM SMS.utils.LoggerUtil logInfo
INFO: Navigating to Login screen from Registration
Jun 08, 2025 4:36:42 PM SMS.utils.LoggerUtil logInfo
INFO: Navigating to registration screen
Jun 08, 2025 4:37:02 PM SMS.utils.LoggerUtil logInfo
INFO: Navigating to Login screen from Registration
Jun 08, 2025 4:39:37 PM SMS.utils.LoggerUtil logInfo
INFO: Navigating to registration screen
Jun 08, 2025 4:39:40 PM SMS.utils.LoggerUtil logInfo
INFO: Navigating to Login screen from Registration
Jun 08, 2025 4:40:01 PM SMS.utils.LoggerUtil logInfo
INFO: Login attempt by username: admin1
Jun 08, 2025 6:04:03 PM SMS.utils.LoggerUtil logInfo
INFO: Login attempt by username: admin1
Jun 09, 2025 9:44:55 AM SMS.utils.LoggerUtil logInfo
INFO: Login attempt by username: admin1
Jun 09, 2025 4:04:25 PM SMS.utils.LoggerUtil logInfo
INFO: Login attempt by username: admin1
Jun 09, 2025 4:46:39 PM SMS.utils.LoggerUtil logInfo
INFO: Login attempt by username: admin1
